Unity Editor version:    2021.3.19f1 (c9714fde33b6)
Branch:                  2021.3/staging
Build type:              Release
Batch mode:              YES
macOS version:           Version 12.6 (Build 21G115)
Darwin version:          21.6.0
Architecture:            x86_64
Running under Rosetta:   NO
Available memory:        16384 MB
Using pre-set license
Pro License: YES

COMMAND LINE ARGUMENTS:
/Applications/Unity/Hub/Editor/2021.3.19f1-x86_64/Unity.app/Contents/MacOS/Unity
-adb2
-batchMode
-noUpm
-name
AssetImportWorker0
-projectPath
/Users/hegette12/Library/Mobile Documents/com~apple~CloudDocs/Downloads/GetRepose/CSC250Spring2023DungeonCrawler/Dungeon Crawler
-logFile
Logs/AssetImportWorker0.log
-srvPort
53220
Successfully changed project path to: /Users/hegette12/Library/Mobile Documents/com~apple~CloudDocs/Downloads/GetRepose/CSC250Spring2023DungeonCrawler/Dungeon Crawler
/Users/hegette12/Library/Mobile Documents/com~apple~CloudDocs/Downloads/GetRepose/CSC250Spring2023DungeonCrawler/Dungeon Crawler
[UnityMemory] Configuration Parameters - Can be set up in boot.config
    "memorysetup-bucket-allocator-granularity=16"
    "memorysetup-bucket-allocator-bucket-count=8"
    "memorysetup-bucket-allocator-block-size=33554432"
    "memorysetup-bucket-allocator-block-count=8"
    "memorysetup-main-allocator-block-size=16777216"
    "memorysetup-thread-allocator-block-size=16777216"
    "memorysetup-gfx-main-allocator-block-size=16777216"
    "memorysetup-gfx-thread-allocator-block-size=16777216"
    "memorysetup-cache-allocator-block-size=4194304"
    "memorysetup-typetree-allocator-block-size=2097152"
    "memorysetup-profiler-bucket-allocator-granularity=16"
    "memorysetup-profiler-bucket-allocator-bucket-count=8"
    "memorysetup-profiler-bucket-allocator-block-size=33554432"
    "memorysetup-profiler-bucket-allocator-block-count=8"
    "memorysetup-profiler-allocator-block-size=16777216"
    "memorysetup-profiler-editor-allocator-block-size=1048576"
    "memorysetup-temp-allocator-size-main=16777216"
    "memorysetup-job-temp-allocator-block-size=2097152"
    "memorysetup-job-temp-allocator-block-size-background=1048576"
    "memorysetup-job-temp-allocator-reduction-small-platforms=262144"
    "memorysetup-temp-allocator-size-background-worker=32768"
    "memorysetup-temp-allocator-size-job-worker=262144"
    "memorysetup-temp-allocator-size-preload-manager=33554432"
    "memorysetup-temp-allocator-size-nav-mesh-worker=65536"
    "memorysetup-temp-allocator-size-audio-worker=65536"
    "memorysetup-temp-allocator-size-cloud-worker=32768"
    "memorysetup-temp-allocator-size-gi-baking-worker=262144"
    "memorysetup-temp-allocator-size-gfx=262144"
Player connection [4660803072] Host "[IP] 192.168.220.183 [Port] 0 [Flags] 2 [Guid] 156787922 [EditorId] 156787922 [Version] 1048832 [Id] OSXEditor(0,Holters-MacBook-Pro.local) [Debug] 1 [PackageName] OSXEditor [ProjectName] Editor" joined multi-casting on [225.0.0.222:54997]...

Player connection [4660803072] Host "[IP] 192.168.220.183 [Port] 0 [Flags] 2 [Guid] 156787922 [EditorId] 156787922 [Version] 1048832 [Id] OSXEditor(0,Holters-MacBook-Pro.local) [Debug] 1 [PackageName] OSXEditor [ProjectName] Editor" joined alternative multi-casting on [225.0.0.222:34997]...

Refreshing native plugins compatible for Editor in 138.86 ms, found 2 plugins.
Preloading 0 native plugins for Editor in 0.00 ms.
Initialize engine version: 2021.3.19f1 (c9714fde33b6)
[Subsystems] Discovering subsystems at path /Applications/Unity/Hub/Editor/2021.3.19f1-x86_64/Unity.app/Contents/Resources/UnitySubsystems
[Subsystems] Discovering subsystems at path /Users/hegette12/Library/Mobile Documents/com~apple~CloudDocs/Downloads/GetRepose/CSC250Spring2023DungeonCrawler/Dungeon Crawler/Assets
GfxDevice: creating device client; threaded=0; jobified=0
Color LCD preferred device: Intel(R) Iris(TM) Plus Graphics (low power)
Metal devices available: 1
0: Intel(R) Iris(TM) Plus Graphics (low power)
Using device Intel(R) Iris(TM) Plus Graphics (low power)
Initializing Metal device caps: Intel(R) Iris(TM) Plus Graphics
Initialize mono
Mono path[0] = '/Applications/Unity/Hub/Editor/2021.3.19f1-x86_64/Unity.app/Contents/Managed'
Mono path[1] = '/Applications/Unity/Hub/Editor/2021.3.19f1-x86_64/Unity.app/Contents/MonoBleedingEdge/lib/mono/unityjit-macos'
Mono config path = '/Applications/Unity/Hub/Editor/2021.3.19f1-x86_64/Unity.app/Contents/MonoBleedingEdge/etc'
Using monoOptions --debugger-agent=transport=dt_socket,embedding=1,server=y,suspend=n,address=127.0.0.1:56307
Begin MonoManager ReloadAssembly
Registering precompiled unity dll's ...
Register platform support module: /Applications/Unity/Hub/Editor/2021.3.19f1-x86_64/Unity.app/Contents/PlaybackEngines/MacStandaloneSupport/UnityEditor.OSXStandalone.Extensions.dll
Registered in 0.000801 seconds.
Native extension for OSXStandalone target not found
Refreshing native plugins compatible for Editor in 147.36 ms, found 2 plugins.
Preloading 0 native plugins for Editor in 0.00 ms.
Mono: successfully reloaded assembly
- Completed reload, in  1.380 seconds
Domain Reload Profiling:
	ReloadAssembly (1381ms)
		BeginReloadAssembly (288ms)
			ExecutionOrderSort (0ms)
			DisableScriptedObjects (0ms)
			BackupInstance (0ms)
			ReleaseScriptingObjects (0ms)
			CreateAndSetChildDomain (3ms)
		EndReloadAssembly (872ms)
			LoadAssemblies (284ms)
			RebuildTransferFunctionScriptingTraits (0ms)
			SetupTypeCache (259ms)
			ReleaseScriptCaches (0ms)
			RebuildScriptCaches (69ms)
			SetupLoadedEditorAssemblies (448ms)
				LogAssemblyErrors (0ms)
				InitializePlatformSupportModulesInManaged (12ms)
				SetLoadedEditorAssemblies (0ms)
				RefreshPlugins (147ms)
				BeforeProcessingInitializeOnLoad (2ms)
				ProcessInitializeOnLoadAttributes (227ms)
				ProcessInitializeOnLoadMethodAttributes (59ms)
				AfterProcessingInitializeOnLoad (0ms)
				EditorAssembliesLoaded (0ms)
			ExecutionOrderSort2 (0ms)
			AwakeInstancesAfterBackupRestoration (0ms)
Platform modules already initialized, skipping
Registering precompiled user dll's ...
Registered in 0.001836 seconds.
Begin MonoManager ReloadAssembly
Symbol file LoadedFromMemory doesn't match image /Users/hegette12/Library/Mobile Documents/com~apple~CloudDocs/Downloads/GetRepose/CSC250Spring2023DungeonCrawler/Dungeon Crawler/Library/PackageCache/com.unity.visualscripting@1.8.0/Editor/VisualScripting.Core/Dependencies/YamlDotNet/Unity.VisualScripting.YamlDotNet.dll
Symbol file LoadedFromMemory doesn't match image /Users/hegette12/Library/Mobile Documents/com~apple~CloudDocs/Downloads/GetRepose/CSC250Spring2023DungeonCrawler/Dungeon Crawler/Library/PackageCache/com.unity.visualscripting@1.8.0/Editor/VisualScripting.Core/Dependencies/DotNetZip/Unity.VisualScripting.IonicZip.dll
Native extension for OSXStandalone target not found
Refreshing native plugins compatible for Editor in 0.58 ms, found 2 plugins.
Preloading 0 native plugins for Editor in 0.00 ms.
Mono: successfully reloaded assembly
- Completed reload, in  1.386 seconds
Domain Reload Profiling:
	ReloadAssembly (1387ms)
		BeginReloadAssembly (132ms)
			ExecutionOrderSort (0ms)
			DisableScriptedObjects (8ms)
			BackupInstance (0ms)
			ReleaseScriptingObjects (0ms)
			CreateAndSetChildDomain (37ms)
		EndReloadAssembly (1091ms)
			LoadAssemblies (100ms)
			RebuildTransferFunctionScriptingTraits (0ms)
			SetupTypeCache (392ms)
			ReleaseScriptCaches (1ms)
			RebuildScriptCaches (82ms)
			SetupLoadedEditorAssemblies (448ms)
				LogAssemblyErrors (0ms)
				InitializePlatformSupportModulesInManaged (5ms)
				SetLoadedEditorAssemblies (1ms)
				RefreshPlugins (1ms)
				BeforeProcessingInitializeOnLoad (80ms)
				ProcessInitializeOnLoadAttributes (332ms)
				ProcessInitializeOnLoadMethodAttributes (29ms)
				AfterProcessingInitializeOnLoad (1ms)
				EditorAssembliesLoaded (0ms)
			ExecutionOrderSort2 (0ms)
			AwakeInstancesAfterBackupRestoration (5ms)
Platform modules already initialized, skipping
========================================================================
Worker process is ready to serve import requests
Launching external process: /Applications/Unity/Hub/Editor/2021.3.19f1-x86_64/Unity.app/Contents/Tools/UnityShaderCompiler
Launched and connected shader compiler UnityShaderCompiler after 0.08 seconds
Refreshing native plugins compatible for Editor in 0.52 ms, found 2 plugins.
Preloading 0 native plugins for Editor in 0.00 ms.
Unloading 3051 Unused Serialized files (Serialized files now loaded: 0)
Unloading 24 unused Assets / (88.3 KB). Loaded Objects now: 3511.
Memory consumption went from 103.7 MB to 103.7 MB.
Total: 3.124206 ms (FindLiveObjects: 0.260146 ms CreateObjectMapping: 0.146412 ms MarkObjects: 2.550536 ms  DeleteObjects: 0.165960 ms)

AssetImportParameters requested are different than current active one (requested -> active):
  custom:video-decoder-ogg-theora: a1e56fd34408186e4bbccfd4996cb3dc -> 
  custom:container-muxer-webm: aa71ff27fc2769a1b78a27578f13a17b -> 
  custom:container-demuxer-webm: 4f35f7cbe854078d1ac9338744f61a02 -> 
  custom:video-encoder-webm-vp8: eb34c28f22e8b96e1ab97ce403110664 -> 
  custom:framework-osx-AVFoundation: e770b220cccbd017edd2c1fefb359320 -> 
  custom:audio-encoder-webm-vorbis: bf7c407c2cedff20999df2af8eb42d56 -> 
  custom:container-demuxer-ogg: 62fdf1f143b41e24485cea50d1cbac27 -> 
  custom:video-decoder-webm-vp8: 9c59270c3fd7afecdb556c50c9e8de78 -> 
  custom:audio-decoder-ogg-vorbis: bf7c407c2cedff20999df2af8eb42d56 -> 
========================================================================
Received Import Request.
  Time since last request: 231367.082613 seconds.
  path: Assets/Materials/Floor.mat
  artifactKey: Guid(cb3dbea38ee3945208ef07f762c6ba4c) Importer(815301076,1909f56bfc062723c751e8b465ee728b)
Start importing Assets/Materials/Floor.mat using Guid(cb3dbea38ee3945208ef07f762c6ba4c) Importer(815301076,1909f56bfc062723c751e8b465ee728b)  -> (artifact id: 'a4371f5b5c2634d82c3e86198c64f997') in 1.180819 seconds 
========================================================================
Received Import Request.
  Time since last request: 4.682354 seconds.
  path: Assets/Materials/Door.mat
  artifactKey: Guid(938dc61014e434b578ffd1677a64249b) Importer(815301076,1909f56bfc062723c751e8b465ee728b)
Start importing Assets/Materials/Door.mat using Guid(938dc61014e434b578ffd1677a64249b) Importer(815301076,1909f56bfc062723c751e8b465ee728b)  -> (artifact id: 'd6d3965574ef40af90e78da40967e114') in 0.018360 seconds 
========================================================================
Received Prepare
Registering precompiled user dll's ...
Registered in 0.001791 seconds.
Begin MonoManager ReloadAssembly
Symbol file LoadedFromMemory doesn't match image /Users/hegette12/Library/Mobile Documents/com~apple~CloudDocs/Downloads/GetRepose/CSC250Spring2023DungeonCrawler/Dungeon Crawler/Library/PackageCache/com.unity.visualscripting@1.8.0/Editor/VisualScripting.Core/Dependencies/YamlDotNet/Unity.VisualScripting.YamlDotNet.dll
Symbol file LoadedFromMemory doesn't match image /Users/hegette12/Library/Mobile Documents/com~apple~CloudDocs/Downloads/GetRepose/CSC250Spring2023DungeonCrawler/Dungeon Crawler/Library/PackageCache/com.unity.visualscripting@1.8.0/Editor/VisualScripting.Core/Dependencies/DotNetZip/Unity.VisualScripting.IonicZip.dll
Native extension for OSXStandalone target not found
Refreshing native plugins compatible for Editor in 0.50 ms, found 2 plugins.
Preloading 0 native plugins for Editor in 0.00 ms.
Mono: successfully reloaded assembly
- Completed reload, in  1.363 seconds
Domain Reload Profiling:
	ReloadAssembly (1364ms)
		BeginReloadAssembly (177ms)
			ExecutionOrderSort (0ms)
			DisableScriptedObjects (5ms)
			BackupInstance (0ms)
			ReleaseScriptingObjects (0ms)
			CreateAndSetChildDomain (82ms)
		EndReloadAssembly (1056ms)
			LoadAssemblies (78ms)
			RebuildTransferFunctionScriptingTraits (0ms)
			SetupTypeCache (356ms)
			ReleaseScriptCaches (1ms)
			RebuildScriptCaches (55ms)
			SetupLoadedEditorAssemblies (488ms)
				LogAssemblyErrors (0ms)
				InitializePlatformSupportModulesInManaged (10ms)
				SetLoadedEditorAssemblies (1ms)
				RefreshPlugins (1ms)
				BeforeProcessingInitializeOnLoad (59ms)
				ProcessInitializeOnLoadAttributes (370ms)
				ProcessInitializeOnLoadMethodAttributes (43ms)
				AfterProcessingInitializeOnLoad (4ms)
				EditorAssembliesLoaded (0ms)
			ExecutionOrderSort2 (0ms)
			AwakeInstancesAfterBackupRestoration (10ms)
Platform modules already initialized, skipping
Refreshing native plugins compatible for Editor in 1.18 ms, found 2 plugins.
Preloading 0 native plugins for Editor in 0.00 ms.
Unloading 3045 Unused Serialized files (Serialized files now loaded: 0)
Unloading 19 unused Assets / (68.0 KB). Loaded Objects now: 3554.
Memory consumption went from 110.2 MB to 110.1 MB.
Total: 3.403593 ms (FindLiveObjects: 0.296737 ms CreateObjectMapping: 0.236584 ms MarkObjects: 2.778029 ms  DeleteObjects: 0.090372 ms)

AssetImportParameters requested are different than current active one (requested -> active):
  custom:video-decoder-ogg-theora: a1e56fd34408186e4bbccfd4996cb3dc -> 
  custom:container-muxer-webm: aa71ff27fc2769a1b78a27578f13a17b -> 
  custom:container-demuxer-webm: 4f35f7cbe854078d1ac9338744f61a02 -> 
  custom:video-encoder-webm-vp8: eb34c28f22e8b96e1ab97ce403110664 -> 
  custom:framework-osx-AVFoundation: e770b220cccbd017edd2c1fefb359320 -> 
  custom:audio-encoder-webm-vorbis: bf7c407c2cedff20999df2af8eb42d56 -> 
  custom:container-demuxer-ogg: 62fdf1f143b41e24485cea50d1cbac27 -> 
  custom:video-decoder-webm-vp8: 9c59270c3fd7afecdb556c50c9e8de78 -> 
  custom:audio-decoder-ogg-vorbis: bf7c407c2cedff20999df2af8eb42d56 -> 
========================================================================
Received Prepare
Registering precompiled user dll's ...
Registered in 0.001926 seconds.
Begin MonoManager ReloadAssembly
Symbol file LoadedFromMemory doesn't match image /Users/hegette12/Library/Mobile Documents/com~apple~CloudDocs/Downloads/GetRepose/CSC250Spring2023DungeonCrawler/Dungeon Crawler/Library/PackageCache/com.unity.visualscripting@1.8.0/Editor/VisualScripting.Core/Dependencies/YamlDotNet/Unity.VisualScripting.YamlDotNet.dll
Symbol file LoadedFromMemory doesn't match image /Users/hegette12/Library/Mobile Documents/com~apple~CloudDocs/Downloads/GetRepose/CSC250Spring2023DungeonCrawler/Dungeon Crawler/Library/PackageCache/com.unity.visualscripting@1.8.0/Editor/VisualScripting.Core/Dependencies/DotNetZip/Unity.VisualScripting.IonicZip.dll
Native extension for OSXStandalone target not found
Refreshing native plugins compatible for Editor in 0.47 ms, found 2 plugins.
Preloading 0 native plugins for Editor in 0.00 ms.
Mono: successfully reloaded assembly
- Completed reload, in  1.222 seconds
Domain Reload Profiling:
	ReloadAssembly (1223ms)
		BeginReloadAssembly (150ms)
			ExecutionOrderSort (0ms)
			DisableScriptedObjects (7ms)
			BackupInstance (0ms)
			ReleaseScriptingObjects (0ms)
			CreateAndSetChildDomain (64ms)
		EndReloadAssembly (954ms)
			LoadAssemblies (65ms)
			RebuildTransferFunctionScriptingTraits (0ms)
			SetupTypeCache (409ms)
			ReleaseScriptCaches (2ms)
			RebuildScriptCaches (61ms)
			SetupLoadedEditorAssemblies (341ms)
				LogAssemblyErrors (0ms)
				InitializePlatformSupportModulesInManaged (11ms)
				SetLoadedEditorAssemblies (1ms)
				RefreshPlugins (1ms)
				BeforeProcessingInitializeOnLoad (62ms)
				ProcessInitializeOnLoadAttributes (243ms)
				ProcessInitializeOnLoadMethodAttributes (22ms)
				AfterProcessingInitializeOnLoad (1ms)
				EditorAssembliesLoaded (0ms)
			ExecutionOrderSort2 (0ms)
			AwakeInstancesAfterBackupRestoration (5ms)
Platform modules already initialized, skipping
Refreshing native plugins compatible for Editor in 1.06 ms, found 2 plugins.
Preloading 0 native plugins for Editor in 0.00 ms.
Unloading 3045 Unused Serialized files (Serialized files now loaded: 0)
Unloading 17 unused Assets / (67.9 KB). Loaded Objects now: 3557.
Memory consumption went from 110.2 MB to 110.1 MB.
Total: 3.014730 ms (FindLiveObjects: 0.257714 ms CreateObjectMapping: 0.107411 ms MarkObjects: 2.522395 ms  DeleteObjects: 0.125907 ms)

AssetImportParameters requested are different than current active one (requested -> active):
  custom:video-decoder-ogg-theora: a1e56fd34408186e4bbccfd4996cb3dc -> 
  custom:container-muxer-webm: aa71ff27fc2769a1b78a27578f13a17b -> 
  custom:container-demuxer-webm: 4f35f7cbe854078d1ac9338744f61a02 -> 
  custom:video-encoder-webm-vp8: eb34c28f22e8b96e1ab97ce403110664 -> 
  custom:framework-osx-AVFoundation: e770b220cccbd017edd2c1fefb359320 -> 
  custom:audio-encoder-webm-vorbis: bf7c407c2cedff20999df2af8eb42d56 -> 
  custom:container-demuxer-ogg: 62fdf1f143b41e24485cea50d1cbac27 -> 
  custom:video-decoder-webm-vp8: 9c59270c3fd7afecdb556c50c9e8de78 -> 
  custom:audio-decoder-ogg-vorbis: bf7c407c2cedff20999df2af8eb42d56 -> 
========================================================================
Received Import Request.
  Time since last request: 701.439703 seconds.
  path: Assets/Scripts/DungeonSetup.cs
  artifactKey: Guid(ec2f1c322b8a04da4b2c43ad17ad2d9b) Importer(815301076,1909f56bfc062723c751e8b465ee728b)
Start importing Assets/Scripts/DungeonSetup.cs using Guid(ec2f1c322b8a04da4b2c43ad17ad2d9b) Importer(815301076,1909f56bfc062723c751e8b465ee728b)  -> (artifact id: '275768816730beffb2b09ff920c892e9') in 0.155203 seconds 
========================================================================
Received Prepare
Registering precompiled user dll's ...
Registered in 0.002720 seconds.
Begin MonoManager ReloadAssembly
Symbol file LoadedFromMemory doesn't match image /Users/hegette12/Library/Mobile Documents/com~apple~CloudDocs/Downloads/GetRepose/CSC250Spring2023DungeonCrawler/Dungeon Crawler/Library/PackageCache/com.unity.visualscripting@1.8.0/Editor/VisualScripting.Core/Dependencies/YamlDotNet/Unity.VisualScripting.YamlDotNet.dll
Symbol file LoadedFromMemory doesn't match image /Users/hegette12/Library/Mobile Documents/com~apple~CloudDocs/Downloads/GetRepose/CSC250Spring2023DungeonCrawler/Dungeon Crawler/Library/PackageCache/com.unity.visualscripting@1.8.0/Editor/VisualScripting.Core/Dependencies/DotNetZip/Unity.VisualScripting.IonicZip.dll
Native extension for OSXStandalone target not found
Refreshing native plugins compatible for Editor in 0.48 ms, found 2 plugins.
Preloading 0 native plugins for Editor in 0.00 ms.
Mono: successfully reloaded assembly
- Completed reload, in  1.374 seconds
Domain Reload Profiling:
	ReloadAssembly (1375ms)
		BeginReloadAssembly (177ms)
			ExecutionOrderSort (0ms)
			DisableScriptedObjects (7ms)
			BackupInstance (0ms)
			ReleaseScriptingObjects (0ms)
			CreateAndSetChildDomain (74ms)
		EndReloadAssembly (1076ms)
			LoadAssemblies (69ms)
			RebuildTransferFunctionScriptingTraits (0ms)
			SetupTypeCache (408ms)
			ReleaseScriptCaches (2ms)
			RebuildScriptCaches (105ms)
			SetupLoadedEditorAssemblies (381ms)
				LogAssemblyErrors (0ms)
				InitializePlatformSupportModulesInManaged (11ms)
				SetLoadedEditorAssemblies (1ms)
				RefreshPlugins (1ms)
				BeforeProcessingInitializeOnLoad (63ms)
				ProcessInitializeOnLoadAttributes (283ms)
				ProcessInitializeOnLoadMethodAttributes (22ms)
				AfterProcessingInitializeOnLoad (1ms)
				EditorAssembliesLoaded (0ms)
			ExecutionOrderSort2 (0ms)
			AwakeInstancesAfterBackupRestoration (5ms)
Platform modules already initialized, skipping
Refreshing native plugins compatible for Editor in 1.47 ms, found 2 plugins.
Preloading 0 native plugins for Editor in 0.00 ms.
Unloading 3045 Unused Serialized files (Serialized files now loaded: 0)
Unloading 17 unused Assets / (68.0 KB). Loaded Objects now: 3560.
Memory consumption went from 114.3 MB to 114.2 MB.
Total: 3.037774 ms (FindLiveObjects: 0.217221 ms CreateObjectMapping: 0.126810 ms MarkObjects: 2.591480 ms  DeleteObjects: 0.100851 ms)

AssetImportParameters requested are different than current active one (requested -> active):
  custom:video-decoder-ogg-theora: a1e56fd34408186e4bbccfd4996cb3dc -> 
  custom:container-muxer-webm: aa71ff27fc2769a1b78a27578f13a17b -> 
  custom:container-demuxer-webm: 4f35f7cbe854078d1ac9338744f61a02 -> 
  custom:video-encoder-webm-vp8: eb34c28f22e8b96e1ab97ce403110664 -> 
  custom:framework-osx-AVFoundation: e770b220cccbd017edd2c1fefb359320 -> 
  custom:audio-encoder-webm-vorbis: bf7c407c2cedff20999df2af8eb42d56 -> 
  custom:container-demuxer-ogg: 62fdf1f143b41e24485cea50d1cbac27 -> 
  custom:video-decoder-webm-vp8: 9c59270c3fd7afecdb556c50c9e8de78 -> 
  custom:audio-decoder-ogg-vorbis: bf7c407c2cedff20999df2af8eb42d56 -> 
========================================================================
Received Import Request.
  Time since last request: 172.471246 seconds.
  path: Assets/Scripts/DungeonSetup.cs
  artifactKey: Guid(ec2f1c322b8a04da4b2c43ad17ad2d9b) Importer(815301076,1909f56bfc062723c751e8b465ee728b)
Start importing Assets/Scripts/DungeonSetup.cs using Guid(ec2f1c322b8a04da4b2c43ad17ad2d9b) Importer(815301076,1909f56bfc062723c751e8b465ee728b)  -> (artifact id: '1a70ad33fe9845be6d2d89ddbfca2cb9') in 0.006895 seconds 
========================================================================
Received Prepare
Registering precompiled user dll's ...
Registered in 0.002339 seconds.
Begin MonoManager ReloadAssembly
Symbol file LoadedFromMemory doesn't match image /Users/hegette12/Library/Mobile Documents/com~apple~CloudDocs/Downloads/GetRepose/CSC250Spring2023DungeonCrawler/Dungeon Crawler/Library/PackageCache/com.unity.visualscripting@1.8.0/Editor/VisualScripting.Core/Dependencies/YamlDotNet/Unity.VisualScripting.YamlDotNet.dll
Symbol file LoadedFromMemory doesn't match image /Users/hegette12/Library/Mobile Documents/com~apple~CloudDocs/Downloads/GetRepose/CSC250Spring2023DungeonCrawler/Dungeon Crawler/Library/PackageCache/com.unity.visualscripting@1.8.0/Editor/VisualScripting.Core/Dependencies/DotNetZip/Unity.VisualScripting.IonicZip.dll
Native extension for OSXStandalone target not found
Refreshing native plugins compatible for Editor in 0.75 ms, found 2 plugins.
Preloading 0 native plugins for Editor in 0.00 ms.
Mono: successfully reloaded assembly
- Completed reload, in  1.305 seconds
Domain Reload Profiling:
	ReloadAssembly (1306ms)
		BeginReloadAssembly (172ms)
			ExecutionOrderSort (0ms)
			DisableScriptedObjects (7ms)
			BackupInstance (0ms)
			ReleaseScriptingObjects (0ms)
			CreateAndSetChildDomain (75ms)
		EndReloadAssembly (988ms)
			LoadAssemblies (76ms)
			RebuildTransferFunctionScriptingTraits (0ms)
			SetupTypeCache (396ms)
			ReleaseScriptCaches (4ms)
			RebuildScriptCaches (95ms)
			SetupLoadedEditorAssemblies (350ms)
				LogAssemblyErrors (0ms)
				InitializePlatformSupportModulesInManaged (13ms)
				SetLoadedEditorAssemblies (1ms)
				RefreshPlugins (1ms)
				BeforeProcessingInitializeOnLoad (58ms)
				ProcessInitializeOnLoadAttributes (253ms)
				ProcessInitializeOnLoadMethodAttributes (23ms)
				AfterProcessingInitializeOnLoad (1ms)
				EditorAssembliesLoaded (0ms)
			ExecutionOrderSort2 (0ms)
			AwakeInstancesAfterBackupRestoration (5ms)
Platform modules already initialized, skipping
Refreshing native plugins compatible for Editor in 0.96 ms, found 2 plugins.
Preloading 0 native plugins for Editor in 0.00 ms.
Unloading 3045 Unused Serialized files (Serialized files now loaded: 0)
Unloading 17 unused Assets / (67.9 KB). Loaded Objects now: 3563.
Memory consumption went from 114.3 MB to 114.2 MB.
Total: 3.187367 ms (FindLiveObjects: 0.328071 ms CreateObjectMapping: 0.127101 ms MarkObjects: 2.612784 ms  DeleteObjects: 0.118188 ms)

AssetImportParameters requested are different than current active one (requested -> active):
  custom:video-decoder-ogg-theora: a1e56fd34408186e4bbccfd4996cb3dc -> 
  custom:container-muxer-webm: aa71ff27fc2769a1b78a27578f13a17b -> 
  custom:container-demuxer-webm: 4f35f7cbe854078d1ac9338744f61a02 -> 
  custom:video-encoder-webm-vp8: eb34c28f22e8b96e1ab97ce403110664 -> 
  custom:framework-osx-AVFoundation: e770b220cccbd017edd2c1fefb359320 -> 
  custom:audio-encoder-webm-vorbis: bf7c407c2cedff20999df2af8eb42d56 -> 
  custom:container-demuxer-ogg: 62fdf1f143b41e24485cea50d1cbac27 -> 
  custom:video-decoder-webm-vp8: 9c59270c3fd7afecdb556c50c9e8de78 -> 
  custom:audio-decoder-ogg-vorbis: bf7c407c2cedff20999df2af8eb42d56 -> 
========================================================================
Received Import Request.
  Time since last request: 5.502571 seconds.
  path: Assets/Scripts/DungeonSetup.cs
  artifactKey: Guid(ec2f1c322b8a04da4b2c43ad17ad2d9b) Importer(815301076,1909f56bfc062723c751e8b465ee728b)
Start importing Assets/Scripts/DungeonSetup.cs using Guid(ec2f1c322b8a04da4b2c43ad17ad2d9b) Importer(815301076,1909f56bfc062723c751e8b465ee728b)  -> (artifact id: 'c723f0f63017f1cbcd3dcdf5b9b42f7f') in 0.006888 seconds 
========================================================================
Received Prepare
Registering precompiled user dll's ...
Registered in 0.001786 seconds.
Begin MonoManager ReloadAssembly
Symbol file LoadedFromMemory doesn't match image /Users/hegette12/Library/Mobile Documents/com~apple~CloudDocs/Downloads/GetRepose/CSC250Spring2023DungeonCrawler/Dungeon Crawler/Library/PackageCache/com.unity.visualscripting@1.8.0/Editor/VisualScripting.Core/Dependencies/YamlDotNet/Unity.VisualScripting.YamlDotNet.dll
Symbol file LoadedFromMemory doesn't match image /Users/hegette12/Library/Mobile Documents/com~apple~CloudDocs/Downloads/GetRepose/CSC250Spring2023DungeonCrawler/Dungeon Crawler/Library/PackageCache/com.unity.visualscripting@1.8.0/Editor/VisualScripting.Core/Dependencies/DotNetZip/Unity.VisualScripting.IonicZip.dll
Native extension for OSXStandalone target not found
Refreshing native plugins compatible for Editor in 1.23 ms, found 2 plugins.
Preloading 0 native plugins for Editor in 0.00 ms.
Mono: successfully reloaded assembly
- Completed reload, in  1.549 seconds
Domain Reload Profiling:
	ReloadAssembly (1550ms)
		BeginReloadAssembly (152ms)
			ExecutionOrderSort (0ms)
			DisableScriptedObjects (7ms)
			BackupInstance (0ms)
			ReleaseScriptingObjects (0ms)
			CreateAndSetChildDomain (65ms)
		EndReloadAssembly (1275ms)
			LoadAssemblies (63ms)
			RebuildTransferFunctionScriptingTraits (0ms)
			SetupTypeCache (363ms)
			ReleaseScriptCaches (1ms)
			RebuildScriptCaches (70ms)
			SetupLoadedEditorAssemblies (650ms)
				LogAssemblyErrors (0ms)
				InitializePlatformSupportModulesInManaged (15ms)
				SetLoadedEditorAssemblies (1ms)
				RefreshPlugins (1ms)
				BeforeProcessingInitializeOnLoad (92ms)
				ProcessInitializeOnLoadAttributes (489ms)
				ProcessInitializeOnLoadMethodAttributes (48ms)
				AfterProcessingInitializeOnLoad (3ms)
				EditorAssembliesLoaded (0ms)
			ExecutionOrderSort2 (0ms)
			AwakeInstancesAfterBackupRestoration (11ms)
Platform modules already initialized, skipping
Refreshing native plugins compatible for Editor in 1.54 ms, found 2 plugins.
Preloading 0 native plugins for Editor in 0.00 ms.
Unloading 3045 Unused Serialized files (Serialized files now loaded: 0)
Unloading 17 unused Assets / (64.7 KB). Loaded Objects now: 3566.
Memory consumption went from 114.3 MB to 114.3 MB.
Total: 5.415202 ms (FindLiveObjects: 0.307340 ms CreateObjectMapping: 0.291475 ms MarkObjects: 4.696261 ms  DeleteObjects: 0.118660 ms)

AssetImportParameters requested are different than current active one (requested -> active):
  custom:video-decoder-ogg-theora: a1e56fd34408186e4bbccfd4996cb3dc -> 
  custom:container-muxer-webm: aa71ff27fc2769a1b78a27578f13a17b -> 
  custom:container-demuxer-webm: 4f35f7cbe854078d1ac9338744f61a02 -> 
  custom:video-encoder-webm-vp8: eb34c28f22e8b96e1ab97ce403110664 -> 
  custom:framework-osx-AVFoundation: e770b220cccbd017edd2c1fefb359320 -> 
  custom:audio-encoder-webm-vorbis: bf7c407c2cedff20999df2af8eb42d56 -> 
  custom:container-demuxer-ogg: 62fdf1f143b41e24485cea50d1cbac27 -> 
  custom:video-decoder-webm-vp8: 9c59270c3fd7afecdb556c50c9e8de78 -> 
  custom:audio-decoder-ogg-vorbis: bf7c407c2cedff20999df2af8eb42d56 -> 
========================================================================
Received Prepare
Registering precompiled user dll's ...
Registered in 0.002672 seconds.
Begin MonoManager ReloadAssembly
Symbol file LoadedFromMemory doesn't match image /Users/hegette12/Library/Mobile Documents/com~apple~CloudDocs/Downloads/GetRepose/CSC250Spring2023DungeonCrawler/Dungeon Crawler/Library/PackageCache/com.unity.visualscripting@1.8.0/Editor/VisualScripting.Core/Dependencies/YamlDotNet/Unity.VisualScripting.YamlDotNet.dll
Symbol file LoadedFromMemory doesn't match image /Users/hegette12/Library/Mobile Documents/com~apple~CloudDocs/Downloads/GetRepose/CSC250Spring2023DungeonCrawler/Dungeon Crawler/Library/PackageCache/com.unity.visualscripting@1.8.0/Editor/VisualScripting.Core/Dependencies/DotNetZip/Unity.VisualScripting.IonicZip.dll
Native extension for OSXStandalone target not found
Refreshing native plugins compatible for Editor in 0.48 ms, found 2 plugins.
Preloading 0 native plugins for Editor in 0.00 ms.
Mono: successfully reloaded assembly
- Completed reload, in  1.281 seconds
Domain Reload Profiling:
	ReloadAssembly (1281ms)
		BeginReloadAssembly (173ms)
			ExecutionOrderSort (0ms)
			DisableScriptedObjects (10ms)
			BackupInstance (0ms)
			ReleaseScriptingObjects (0ms)
			CreateAndSetChildDomain (66ms)
		EndReloadAssembly (984ms)
			LoadAssemblies (78ms)
			RebuildTransferFunctionScriptingTraits (0ms)
			SetupTypeCache (385ms)
			ReleaseScriptCaches (1ms)
			RebuildScriptCaches (58ms)
			SetupLoadedEditorAssemblies (397ms)
				LogAssemblyErrors (0ms)
				InitializePlatformSupportModulesInManaged (11ms)
				SetLoadedEditorAssemblies (1ms)
				RefreshPlugins (1ms)
				BeforeProcessingInitializeOnLoad (61ms)
				ProcessInitializeOnLoadAttributes (294ms)
				ProcessInitializeOnLoadMethodAttributes (28ms)
				AfterProcessingInitializeOnLoad (2ms)
				EditorAssembliesLoaded (0ms)
			ExecutionOrderSort2 (0ms)
			AwakeInstancesAfterBackupRestoration (5ms)
Platform modules already initialized, skipping
Refreshing native plugins compatible for Editor in 1.10 ms, found 2 plugins.
Preloading 0 native plugins for Editor in 0.00 ms.
Unloading 3045 Unused Serialized files (Serialized files now loaded: 0)
Unloading 17 unused Assets / (68.0 KB). Loaded Objects now: 3569.
Memory consumption went from 114.3 MB to 114.3 MB.
Total: 3.219180 ms (FindLiveObjects: 0.287318 ms CreateObjectMapping: 0.160387 ms MarkObjects: 2.653005 ms  DeleteObjects: 0.117544 ms)

AssetImportParameters requested are different than current active one (requested -> active):
  custom:video-decoder-ogg-theora: a1e56fd34408186e4bbccfd4996cb3dc -> 
  custom:container-muxer-webm: aa71ff27fc2769a1b78a27578f13a17b -> 
  custom:container-demuxer-webm: 4f35f7cbe854078d1ac9338744f61a02 -> 
  custom:video-encoder-webm-vp8: eb34c28f22e8b96e1ab97ce403110664 -> 
  custom:framework-osx-AVFoundation: e770b220cccbd017edd2c1fefb359320 -> 
  custom:audio-encoder-webm-vorbis: bf7c407c2cedff20999df2af8eb42d56 -> 
  custom:container-demuxer-ogg: 62fdf1f143b41e24485cea50d1cbac27 -> 
  custom:video-decoder-webm-vp8: 9c59270c3fd7afecdb556c50c9e8de78 -> 
  custom:audio-decoder-ogg-vorbis: bf7c407c2cedff20999df2af8eb42d56 -> 
========================================================================
Received Import Request.
  Time since last request: 2736.226570 seconds.
  path: Assets/Scripts/PlayerScript.cs
  artifactKey: Guid(0bc2f957fc0f14b9b9fe3fbbb40de863) Importer(815301076,1909f56bfc062723c751e8b465ee728b)
Start importing Assets/Scripts/PlayerScript.cs using Guid(0bc2f957fc0f14b9b9fe3fbbb40de863) Importer(815301076,1909f56bfc062723c751e8b465ee728b)  -> (artifact id: 'a79911cc9d519c2bd022ebcc00bc7372') in 0.039025 seconds 
========================================================================
Received Import Request.
  Time since last request: 1107.013549 seconds.
  path: Assets/Scripts/PlayerScript.cs
  artifactKey: Guid(0bc2f957fc0f14b9b9fe3fbbb40de863) Importer(815301076,1909f56bfc062723c751e8b465ee728b)
Start importing Assets/Scripts/PlayerScript.cs using Guid(0bc2f957fc0f14b9b9fe3fbbb40de863) Importer(815301076,1909f56bfc062723c751e8b465ee728b)  -> (artifact id: 'c4500d6f55e12088202cf895e722be59') in 0.002150 seconds 
========================================================================
Received Import Request.
  Time since last request: 121.865809 seconds.
  path: Assets/playerScript.cs
  artifactKey: Guid(deafc5b8397364fdba75c6ff0ad04578) Importer(815301076,1909f56bfc062723c751e8b465ee728b)
Start importing Assets/playerScript.cs using Guid(deafc5b8397364fdba75c6ff0ad04578) Importer(815301076,1909f56bfc062723c751e8b465ee728b)  -> (artifact id: '5663943d7d94d45a2ddc11f560ca3c54') in 0.002504 seconds 
========================================================================
Received Import Request.
  Time since last request: 4731.835289 seconds.
  path: Assets/Scripts/MasterData.cs
  artifactKey: Guid(d50f17b9251f34fe09545cb0a6042d91) Importer(815301076,1909f56bfc062723c751e8b465ee728b)
Start importing Assets/Scripts/MasterData.cs using Guid(d50f17b9251f34fe09545cb0a6042d91) Importer(815301076,1909f56bfc062723c751e8b465ee728b)  -> (artifact id: '772cf864844e91b661a77058a75a5ab7') in 0.001743 seconds 
========================================================================
Received Import Request.
  Time since last request: 173.926865 seconds.
  path: Assets/Scripts/MasterData.cs
  artifactKey: Guid(d50f17b9251f34fe09545cb0a6042d91) Importer(815301076,1909f56bfc062723c751e8b465ee728b)
Start importing Assets/Scripts/MasterData.cs using Guid(d50f17b9251f34fe09545cb0a6042d91) Importer(815301076,1909f56bfc062723c751e8b465ee728b)  -> (artifact id: 'fa013ab418ba1336621e97ac80af3c76') in 0.002637 seconds 
========================================================================
Received Import Request.
  Time since last request: 418.254115 seconds.
  path: Assets/Scripts/MasterData.cs
  artifactKey: Guid(d50f17b9251f34fe09545cb0a6042d91) Importer(815301076,1909f56bfc062723c751e8b465ee728b)
Start importing Assets/Scripts/MasterData.cs using Guid(d50f17b9251f34fe09545cb0a6042d91) Importer(815301076,1909f56bfc062723c751e8b465ee728b)  -> (artifact id: '89bc7c5928483f18f42dff5989c5c1da') in 0.001889 seconds 
========================================================================
Received Import Request.
  Time since last request: 229.641773 seconds.
  path: Assets/Scripts/MasterData.cs
  artifactKey: Guid(d50f17b9251f34fe09545cb0a6042d91) Importer(815301076,1909f56bfc062723c751e8b465ee728b)
Start importing Assets/Scripts/MasterData.cs using Guid(d50f17b9251f34fe09545cb0a6042d91) Importer(815301076,1909f56bfc062723c751e8b465ee728b)  -> (artifact id: '8dc87da570cac177bdeaad77558165c5') in 0.002357 seconds 
========================================================================
Received Import Request.
  Time since last request: 4779.885305 seconds.
  path: Assets/Scripts/PlayerScript.cs
  artifactKey: Guid(0bc2f957fc0f14b9b9fe3fbbb40de863) Importer(815301076,1909f56bfc062723c751e8b465ee728b)
Start importing Assets/Scripts/PlayerScript.cs using Guid(0bc2f957fc0f14b9b9fe3fbbb40de863) Importer(815301076,1909f56bfc062723c751e8b465ee728b)  -> (artifact id: 'd68921cba4ad8c7dce88a0dcd17edffc') in 0.002735 seconds 
========================================================================
Received Import Request.
  Time since last request: 5984.126823 seconds.
  path: Assets/Scripts/PlayerScript.cs
  artifactKey: Guid(0bc2f957fc0f14b9b9fe3fbbb40de863) Importer(815301076,1909f56bfc062723c751e8b465ee728b)
Start importing Assets/Scripts/PlayerScript.cs using Guid(0bc2f957fc0f14b9b9fe3fbbb40de863) Importer(815301076,1909f56bfc062723c751e8b465ee728b)  -> (artifact id: '8970b61d96759b86957ed11d27154866') in 0.040986 seconds 
========================================================================
Received Import Request.
  Time since last request: 691.328328 seconds.
  path: ProjectSettings/TagManager.asset
  artifactKey: Guid(00000000000000003000000000000000) Importer(815301076,1909f56bfc062723c751e8b465ee728b)
Start importing ProjectSettings/TagManager.asset using Guid(00000000000000003000000000000000) Importer(815301076,1909f56bfc062723c751e8b465ee728b)  -> (artifact id: '5f74b9f0782f3ffe8a654b2b60a9f33c') in 0.409323 seconds 
========================================================================
Received Import Request.
  Time since last request: 1758.816110 seconds.
  path: Assets/Materials/Door.mat
  artifactKey: Guid(938dc61014e434b578ffd1677a64249b) Importer(815301076,1909f56bfc062723c751e8b465ee728b)
Start importing Assets/Materials/Door.mat using Guid(938dc61014e434b578ffd1677a64249b) Importer(815301076,1909f56bfc062723c751e8b465ee728b)  -> (artifact id: 'db19e58f11e19ea033c9053065b864c2') in 0.403294 seconds 
========================================================================
Received Import Request.
  Time since last request: 90.482306 seconds.
  path: Assets/Scripts/NewBehaviourScript.cs
  artifactKey: Guid(cfdd32a108d764165a400e01dba2cf1e) Importer(815301076,1909f56bfc062723c751e8b465ee728b)
Start importing Assets/Scripts/NewBehaviourScript.cs using Guid(cfdd32a108d764165a400e01dba2cf1e) Importer(815301076,1909f56bfc062723c751e8b465ee728b)  -> (artifact id: '2684946079e1216f81a34c1b39181b72') in 0.002015 seconds 
========================================================================
Received Import Request.
  Time since last request: 28.584023 seconds.
  path: Assets/Scripts/CenterScript.cs
  artifactKey: Guid(cfdd32a108d764165a400e01dba2cf1e) Importer(815301076,1909f56bfc062723c751e8b465ee728b)
Start importing Assets/Scripts/CenterScript.cs using Guid(cfdd32a108d764165a400e01dba2cf1e) Importer(815301076,1909f56bfc062723c751e8b465ee728b)  -> (artifact id: '93d49c3d8bbfe7b6e5cef05af1ddaa23') in 0.001577 seconds 
========================================================================
Received Import Request.
  Time since last request: 1174.747063 seconds.
  path: Assets/Scripts/CenterScript.cs
  artifactKey: Guid(cfdd32a108d764165a400e01dba2cf1e) Importer(815301076,1909f56bfc062723c751e8b465ee728b)
Start importing Assets/Scripts/CenterScript.cs using Guid(cfdd32a108d764165a400e01dba2cf1e) Importer(815301076,1909f56bfc062723c751e8b465ee728b)  -> (artifact id: 'febbb2ec051824d6cf193fe5990c2360') in 0.003347 seconds 
========================================================================
Received Import Request.
  Time since last request: 2947.717204 seconds.
  path: Assets/playerScript.cs
  artifactKey: Guid(deafc5b8397364fdba75c6ff0ad04578) Importer(815301076,1909f56bfc062723c751e8b465ee728b)
Start importing Assets/playerScript.cs using Guid(deafc5b8397364fdba75c6ff0ad04578) Importer(815301076,1909f56bfc062723c751e8b465ee728b)  -> (artifact id: '3ad3cc522b8a9873cd1fa2bbc2e03194') in 0.002120 seconds 
========================================================================
Received Import Request.
  Time since last request: 251.913892 seconds.
  path: Assets/playerScript.cs
  artifactKey: Guid(deafc5b8397364fdba75c6ff0ad04578) Importer(815301076,1909f56bfc062723c751e8b465ee728b)
Start importing Assets/playerScript.cs using Guid(deafc5b8397364fdba75c6ff0ad04578) Importer(815301076,1909f56bfc062723c751e8b465ee728b)  -> (artifact id: '5927fb7c8cc9b37ab91bdb1b08a54185') in 0.002561 seconds 
========================================================================
Received Import Request.
  Time since last request: 151.727057 seconds.
  path: Assets/playerScript.cs
  artifactKey: Guid(deafc5b8397364fdba75c6ff0ad04578) Importer(815301076,1909f56bfc062723c751e8b465ee728b)
Start importing Assets/playerScript.cs using Guid(deafc5b8397364fdba75c6ff0ad04578) Importer(815301076,1909f56bfc062723c751e8b465ee728b)  -> (artifact id: '7e33dfd53004633d2841a8193174b5b1') in 0.002133 seconds 
========================================================================
Received Import Request.
  Time since last request: 227.601166 seconds.
  path: Assets/playerScript.cs
  artifactKey: Guid(deafc5b8397364fdba75c6ff0ad04578) Importer(815301076,1909f56bfc062723c751e8b465ee728b)
Start importing Assets/playerScript.cs using Guid(deafc5b8397364fdba75c6ff0ad04578) Importer(815301076,1909f56bfc062723c751e8b465ee728b)  -> (artifact id: '86855b3a9790fb9b0ce0ca182499a4c3') in 0.002151 seconds 
========================================================================
Received Import Request.
  Time since last request: 890.833084 seconds.
  path: Assets/playerScript.cs
  artifactKey: Guid(deafc5b8397364fdba75c6ff0ad04578) Importer(815301076,1909f56bfc062723c751e8b465ee728b)
Start importing Assets/playerScript.cs using Guid(deafc5b8397364fdba75c6ff0ad04578) Importer(815301076,1909f56bfc062723c751e8b465ee728b)  -> (artifact id: 'dc7ada96e2e980e37084f68e1ce4ec85') in 0.002218 seconds 
========================================================================
Received Import Request.
  Time since last request: 156.011729 seconds.
  path: Assets/playerScript.cs
  artifactKey: Guid(deafc5b8397364fdba75c6ff0ad04578) Importer(815301076,1909f56bfc062723c751e8b465ee728b)
Start importing Assets/playerScript.cs using Guid(deafc5b8397364fdba75c6ff0ad04578) Importer(815301076,1909f56bfc062723c751e8b465ee728b)  -> (artifact id: '6a258d1525a1df67b998e6eaece9ea63') in 0.002397 seconds 
========================================================================
Received Import Request.
  Time since last request: 25.109330 seconds.
  path: Assets/playerScript.cs
  artifactKey: Guid(deafc5b8397364fdba75c6ff0ad04578) Importer(815301076,1909f56bfc062723c751e8b465ee728b)
Start importing Assets/playerScript.cs using Guid(deafc5b8397364fdba75c6ff0ad04578) Importer(815301076,1909f56bfc062723c751e8b465ee728b)  -> (artifact id: 'a580e4443a0ec96bebc5dddc32c5a3bd') in 0.003562 seconds 
========================================================================
Received Import Request.
  Time since last request: 157.146651 seconds.
  path: Assets/playerScript.cs
  artifactKey: Guid(deafc5b8397364fdba75c6ff0ad04578) Importer(815301076,1909f56bfc062723c751e8b465ee728b)
Start importing Assets/playerScript.cs using Guid(deafc5b8397364fdba75c6ff0ad04578) Importer(815301076,1909f56bfc062723c751e8b465ee728b)  -> (artifact id: '455968654b2b294466d035f71216bbca') in 0.002803 seconds 
========================================================================
Received Import Request.
  Time since last request: 13.738254 seconds.
  path: Assets/playerScript.cs
  artifactKey: Guid(deafc5b8397364fdba75c6ff0ad04578) Importer(815301076,1909f56bfc062723c751e8b465ee728b)
Start importing Assets/playerScript.cs using Guid(deafc5b8397364fdba75c6ff0ad04578) Importer(815301076,1909f56bfc062723c751e8b465ee728b)  -> (artifact id: 'bff15d06c77b3bfff8d044fbf01782c5') in 0.002492 seconds 
========================================================================
Received Import Request.
  Time since last request: 10.275285 seconds.
  path: Assets/playerScript.cs
  artifactKey: Guid(deafc5b8397364fdba75c6ff0ad04578) Importer(815301076,1909f56bfc062723c751e8b465ee728b)
Start importing Assets/playerScript.cs using Guid(deafc5b8397364fdba75c6ff0ad04578) Importer(815301076,1909f56bfc062723c751e8b465ee728b)  -> (artifact id: '07d62f6b3fd645358dd3db9378f6da54') in 0.004610 seconds 
========================================================================
Received Import Request.
  Time since last request: 111.070234 seconds.
  path: Assets/playerScript.cs
  artifactKey: Guid(deafc5b8397364fdba75c6ff0ad04578) Importer(815301076,1909f56bfc062723c751e8b465ee728b)
Start importing Assets/playerScript.cs using Guid(deafc5b8397364fdba75c6ff0ad04578) Importer(815301076,1909f56bfc062723c751e8b465ee728b)  -> (artifact id: 'a99ca68baca1eed090c693c4d87412a9') in 0.002296 seconds 
========================================================================
Received Import Request.
  Time since last request: 144.759058 seconds.
  path: ProjectSettings/TagManager.asset
  artifactKey: Guid(00000000000000003000000000000000) Importer(815301076,1909f56bfc062723c751e8b465ee728b)
Start importing ProjectSettings/TagManager.asset using Guid(00000000000000003000000000000000) Importer(815301076,1909f56bfc062723c751e8b465ee728b)  -> (artifact id: 'd7fd509bb597040982c8b4d13e93243b') in 0.009198 seconds 
========================================================================
Received Import Request.
  Time since last request: 712.111894 seconds.
  path: Assets/Scripts/Monster.cs
  artifactKey: Guid(a011eb206ffe942debc7ccf8ab5668d9) Importer(815301076,1909f56bfc062723c751e8b465ee728b)
Start importing Assets/Scripts/Monster.cs using Guid(a011eb206ffe942debc7ccf8ab5668d9) Importer(815301076,1909f56bfc062723c751e8b465ee728b)  -> (artifact id: '78b55dca5c72a5510da76a0ed0f8c16f') in 0.002764 seconds 
========================================================================
Received Import Request.
  Time since last request: 336.476884 seconds.
  path: Assets/Scripts/Monster.cs
  artifactKey: Guid(a011eb206ffe942debc7ccf8ab5668d9) Importer(815301076,1909f56bfc062723c751e8b465ee728b)
Start importing Assets/Scripts/Monster.cs using Guid(a011eb206ffe942debc7ccf8ab5668d9) Importer(815301076,1909f56bfc062723c751e8b465ee728b)  -> (artifact id: 'aa49cef51ed58cd3db3819be5b53f12e') in 0.001753 seconds 
========================================================================
Received Import Request.
  Time since last request: 28.369859 seconds.
  path: Assets/Scripts/Dungeon Room.cs
  artifactKey: Guid(ef2aa551ca4d344b3827371baf53bc14) Importer(815301076,1909f56bfc062723c751e8b465ee728b)
Start importing Assets/Scripts/Dungeon Room.cs using Guid(ef2aa551ca4d344b3827371baf53bc14) Importer(815301076,1909f56bfc062723c751e8b465ee728b)  -> (artifact id: '8587aaf6856feff8b0965165adccefbd') in 0.002030 seconds 
========================================================================
Received Import Request.
  Time since last request: 232.178067 seconds.
  path: Assets/Scripts/Room.Java copied over.cs
  artifactKey: Guid(16dbf07ab69a3425fb54cd2fc525a5e8) Importer(815301076,1909f56bfc062723c751e8b465ee728b)
Start importing Assets/Scripts/Room.Java copied over.cs using Guid(16dbf07ab69a3425fb54cd2fc525a5e8) Importer(815301076,1909f56bfc062723c751e8b465ee728b)  -> (artifact id: 'ed9209884b70d7ca1fc7962fb234a00e') in 0.002047 seconds 
========================================================================
Received Import Request.
  Time since last request: 55.244314 seconds.
  path: Assets/Scripts/Inhabitant.cs
  artifactKey: Guid(b94536ea5c0674c89bba1833b7f0b1af) Importer(815301076,1909f56bfc062723c751e8b465ee728b)
Start importing Assets/Scripts/Inhabitant.cs using Guid(b94536ea5c0674c89bba1833b7f0b1af) Importer(815301076,1909f56bfc062723c751e8b465ee728b)  -> (artifact id: '541446f29dfab32ca8172e5fe41abaf9') in 0.004334 seconds 
========================================================================
Received Import Request.
  Time since last request: 10.067370 seconds.
  path: Assets/Scripts/Inhabitant.cs
  artifactKey: Guid(b94536ea5c0674c89bba1833b7f0b1af) Importer(815301076,1909f56bfc062723c751e8b465ee728b)
Start importing Assets/Scripts/Inhabitant.cs using Guid(b94536ea5c0674c89bba1833b7f0b1af) Importer(815301076,1909f56bfc062723c751e8b465ee728b)  -> (artifact id: '867df0298f465c07da361f1f27f8d974') in 0.004326 seconds 
========================================================================
Received Import Request.
  Time since last request: 26.574840 seconds.
  path: Assets/Scripts/WorkerBee.cs
  artifactKey: Guid(6d6e04d4bd79b45bc9440f18109b8abc) Importer(815301076,1909f56bfc062723c751e8b465ee728b)
Start importing Assets/Scripts/WorkerBee.cs using Guid(6d6e04d4bd79b45bc9440f18109b8abc) Importer(815301076,1909f56bfc062723c751e8b465ee728b)  -> (artifact id: '89eee331a88796cd115c10838f6c7f6d') in 0.004228 seconds 
========================================================================
Received Import Request.
  Time since last request: 386.203006 seconds.
  path: Assets/Scripts/Main From Java.cs
  artifactKey: Guid(bbd77bb72d3c14e338265a1ca9bc3ca0) Importer(815301076,1909f56bfc062723c751e8b465ee728b)
Start importing Assets/Scripts/Main From Java.cs using Guid(bbd77bb72d3c14e338265a1ca9bc3ca0) Importer(815301076,1909f56bfc062723c751e8b465ee728b)  -> (artifact id: '26bf670ab40236b99c0ae73fa19805ed') in 0.003923 seconds 
========================================================================
Received Import Request.
  Time since last request: 26.835192 seconds.
  path: Assets/Scripts/Main From Java.cs
  artifactKey: Guid(bbd77bb72d3c14e338265a1ca9bc3ca0) Importer(815301076,1909f56bfc062723c751e8b465ee728b)
Start importing Assets/Scripts/Main From Java.cs using Guid(bbd77bb72d3c14e338265a1ca9bc3ca0) Importer(815301076,1909f56bfc062723c751e8b465ee728b)  -> (artifact id: 'feb64ec9ec0ea8748bca4494ebd9b8e1') in 0.002842 seconds 
========================================================================
Received Import Request.
  Time since last request: 607.263695 seconds.
  path: Assets/Scripts/Exit from Java.cs
  artifactKey: Guid(340967e19cbef4898906ede5294308b4) Importer(815301076,1909f56bfc062723c751e8b465ee728b)
Start importing Assets/Scripts/Exit from Java.cs using Guid(340967e19cbef4898906ede5294308b4) Importer(815301076,1909f56bfc062723c751e8b465ee728b)  -> (artifact id: '5222a3cd4c8653d13d825fe09aa82c0b') in 0.003386 seconds 
========================================================================
Received Import Request.
  Time since last request: 290.148859 seconds.
  path: Assets/Scripts/Room.Java copied over.cs
  artifactKey: Guid(16dbf07ab69a3425fb54cd2fc525a5e8) Importer(815301076,1909f56bfc062723c751e8b465ee728b)
Start importing Assets/Scripts/Room.Java copied over.cs using Guid(16dbf07ab69a3425fb54cd2fc525a5e8) Importer(815301076,1909f56bfc062723c751e8b465ee728b)  -> (artifact id: '0a5cf7d4737a5555bdcc9de59b204f56') in 0.004344 seconds 
========================================================================
Received Import Request.
  Time since last request: 2.636694 seconds.
  path: Assets/Scripts/NewBehaviourScript.cs
  artifactKey: Guid(6805256fd11b744049bb213fe817fe96) Importer(815301076,1909f56bfc062723c751e8b465ee728b)
Start importing Assets/Scripts/NewBehaviourScript.cs using Guid(6805256fd11b744049bb213fe817fe96) Importer(815301076,1909f56bfc062723c751e8b465ee728b)  -> (artifact id: '38c989f9eaf79b1ddbbdf82d995fbad9') in 0.003179 seconds 
========================================================================
Received Import Request.
  Time since last request: 15.146407 seconds.
  path: Assets/Scripts/Player...Java.cs
  artifactKey: Guid(6805256fd11b744049bb213fe817fe96) Importer(815301076,1909f56bfc062723c751e8b465ee728b)
Start importing Assets/Scripts/Player...Java.cs using Guid(6805256fd11b744049bb213fe817fe96) Importer(815301076,1909f56bfc062723c751e8b465ee728b)  -> (artifact id: '11afd039717f610dcd15393daaaa7c38') in 0.002775 seconds 
========================================================================
Received Import Request.
  Time since last request: 266.118290 seconds.
  path: Assets/Scripts/Inhabitant.cs
  artifactKey: Guid(b94536ea5c0674c89bba1833b7f0b1af) Importer(815301076,1909f56bfc062723c751e8b465ee728b)
Start importing Assets/Scripts/Inhabitant.cs using Guid(b94536ea5c0674c89bba1833b7f0b1af) Importer(815301076,1909f56bfc062723c751e8b465ee728b)  -> (artifact id: 'b7029faddbd8c1252f4ca4fcfd5ea6db') in 0.002204 seconds 
